TN:
SF:..\..\frontend\app\utils\groupRoleUtils.ts
FN:10,getMemberId
FN:20,getMemberRole
FN:29,isReadOnlyRole
FN:32,requiresFolderAssignment
FN:36,canManageRoles
FN:38,canAddMembers
FN:41,canManageFolders
FN:44,canAssignFolderMembers
FN:47,getRoleSummary
FN:51,isPersonalWorkspaceOwner
FNF:10
FNH:9
FNDA:8,getMemberId
FNDA:7,getMemberRole
FNDA:9,isReadOnlyRole
FNDA:9,requiresFolderAssignment
FNDA:1,canManageRoles
FNDA:8,canAddMembers
FNDA:7,canManageFolders
FNDA:6,canAssignFolderMembers
FNDA:0,getRoleSummary
FNDA:9,isPersonalWorkspaceOwner
DA:1,1
DA:2,1
DA:3,1
DA:4,1
DA:5,1
DA:6,1
DA:7,1
DA:8,1
DA:9,1
DA:10,1
DA:11,8
DA:12,1
DA:13,1
DA:14,8
DA:15,4
DA:16,4
DA:17,8
DA:18,8
DA:19,1
DA:20,1
DA:21,7
DA:22,3
DA:23,3
DA:24,7
DA:25,7
DA:26,7
DA:27,7
DA:28,1
DA:29,1
DA:30,1
DA:31,1
DA:32,1
DA:33,1
DA:34,1
DA:35,1
DA:36,1
DA:37,1
DA:38,1
DA:39,1
DA:40,1
DA:41,1
DA:42,1
DA:43,1
DA:44,1
DA:45,1
DA:46,1
DA:47,1
DA:48,1
DA:49,1
DA:50,1
DA:51,1
DA:52,9
DA:53,3
DA:54,3
DA:55,6
DA:56,9
DA:57,2
DA:58,2
DA:59,4
DA:60,4
DA:61,9
DA:62,9
DA:63,9
LF:63
LH:63
BRDA:10,0,0,8
BRDA:11,1,0,1
BRDA:14,2,0,7
BRDA:14,3,0,4
BRDA:17,4,0,3
BRDA:17,5,0,2
BRDA:17,6,0,2
BRDA:20,7,0,7
BRDA:21,8,0,5
BRDA:21,9,0,3
BRDA:24,10,0,4
BRDA:26,11,0,2
BRDA:26,12,0,3
BRDA:24,13,0,3
BRDA:29,14,0,9
BRDA:30,15,0,7
BRDA:30,16,0,2
BRDA:32,17,0,9
BRDA:33,18,0,7
BRDA:33,19,0,2
BRDA:36,20,0,1
BRDA:38,21,0,8
BRDA:39,22,0,7
BRDA:39,23,0,6
BRDA:39,24,0,5
BRDA:41,25,0,7
BRDA:42,26,0,6
BRDA:42,27,0,5
BRDA:42,28,0,4
BRDA:44,29,0,6
BRDA:45,30,0,5
BRDA:45,31,0,4
BRDA:45,32,0,3
BRDA:51,33,0,9
BRDA:52,34,0,7
BRDA:52,35,0,3
BRDA:55,36,0,6
BRDA:56,37,0,2
BRDA:59,38,0,4
BRDA:61,39,0,2
BRDA:61,40,0,2
BRF:41
BRH:41
end_of_record
